2022-05-31 09:48:14,307 customer-epam [com.alibaba.nacos.client.Worker.longPolling.fixed-localhost_8848] ERROR c.a.n.c.config.http.ServerHttpAgent [ServerHttpAgent.java : 168] [NACOS SocketTimeoutException httpPost] currentServerAddr: http://localhost:8848， err : Read timed out
2022-05-31 09:48:14,313 customer-epam [com.alibaba.nacos.client.Worker.longPolling.fixed-localhost_8848] ERROR c.a.n.c.config.http.ServerHttpAgent [ServerHttpAgent.java : 188] no available server, currentServerAddr : http://localhost:8848
2022-05-31 09:48:14,313 customer-epam [com.alibaba.nacos.client.Worker.longPolling.fixed-localhost_8848] ERROR c.a.n.c.config.impl.ClientWorker [ClientWorker.java : 478] [fixed-localhost_8848] [check-update] get changed dataId exception
java.net.ConnectException: no available server, currentServerAddr : http://localhost:8848
	at com.alibaba.nacos.client.config.http.ServerHttpAgent.httpPost(ServerHttpAgent.java:189)
	at com.alibaba.nacos.client.config.http.MetricsHttpAgent.httpPost(MetricsHttpAgent.java:68)
	at com.alibaba.nacos.client.config.impl.ClientWorker.checkUpdateConfigStr(ClientWorker.java:465)
	at com.alibaba.nacos.client.config.impl.ClientWorker.checkUpdateDataIds(ClientWorker.java:432)
	at com.alibaba.nacos.client.config.impl.ClientWorker$LongPollingRunnable.run(ClientWorker.java:620)
	at java.util.concurrent.Executors$RunnableAdapter.call(Executors.java:511)
	at java.util.concurrent.FutureTask.run(FutureTask.java:266)
	at java.util.concurrent.ScheduledThreadPoolExecutor$ScheduledFutureTask.access$201(ScheduledThreadPoolExecutor.java:180)
	at java.util.concurrent.ScheduledThreadPoolExecutor$ScheduledFutureTask.run(ScheduledThreadPoolExecutor.java:293)
	at java.util.concurrent.ThreadPoolExecutor.runWorker(ThreadPoolExecutor.java:1149)
	at java.util.concurrent.ThreadPoolExecutor$Worker.run(ThreadPoolExecutor.java:624)
	at java.lang.Thread.run(Thread.java:748)
2022-05-31 09:48:14,318 customer-epam [com.alibaba.nacos.client.Worker.longPolling.fixed-localhost_8848] ERROR c.a.n.c.config.impl.ClientWorker [ClientWorker.java : 664] longPolling error : 
java.net.ConnectException: no available server, currentServerAddr : http://localhost:8848
	at com.alibaba.nacos.client.config.http.ServerHttpAgent.httpPost(ServerHttpAgent.java:189)
	at com.alibaba.nacos.client.config.http.MetricsHttpAgent.httpPost(MetricsHttpAgent.java:68)
	at com.alibaba.nacos.client.config.impl.ClientWorker.checkUpdateConfigStr(ClientWorker.java:465)
	at com.alibaba.nacos.client.config.impl.ClientWorker.checkUpdateDataIds(ClientWorker.java:432)
	at com.alibaba.nacos.client.config.impl.ClientWorker$LongPollingRunnable.run(ClientWorker.java:620)
	at java.util.concurrent.Executors$RunnableAdapter.call(Executors.java:511)
	at java.util.concurrent.FutureTask.run(FutureTask.java:266)
	at java.util.concurrent.ScheduledThreadPoolExecutor$ScheduledFutureTask.access$201(ScheduledThreadPoolExecutor.java:180)
	at java.util.concurrent.ScheduledThreadPoolExecutor$ScheduledFutureTask.run(ScheduledThreadPoolExecutor.java:293)
	at java.util.concurrent.ThreadPoolExecutor.runWorker(ThreadPoolExecutor.java:1149)
	at java.util.concurrent.ThreadPoolExecutor$Worker.run(ThreadPoolExecutor.java:624)
	at java.lang.Thread.run(Thread.java:748)
